mode: set
github.com/sophotechlabs/terraform-provider-shopify/internal/provider/client.go:38.66,46.2 1 1
github.com/sophotechlabs/terraform-provider-shopify/internal/provider/client.go:48.92,51.16 3 1
github.com/sophotechlabs/terraform-provider-shopify/internal/provider/client.go:51.16,53.3 1 0
github.com/sophotechlabs/terraform-provider-shopify/internal/provider/client.go:55.2,56.16 2 1
github.com/sophotechlabs/terraform-provider-shopify/internal/provider/client.go:56.16,58.3 1 0
github.com/sophotechlabs/terraform-provider-shopify/internal/provider/client.go:59.2,63.16 4 1
github.com/sophotechlabs/terraform-provider-shopify/internal/provider/client.go:63.16,65.3 1 1
github.com/sophotechlabs/terraform-provider-shopify/internal/provider/client.go:66.2,66.15 1 1
github.com/sophotechlabs/terraform-provider-shopify/internal/provider/client.go:66.15,66.40 1 1
github.com/sophotechlabs/terraform-provider-shopify/internal/provider/client.go:68.2,69.16 2 1
github.com/sophotechlabs/terraform-provider-shopify/internal/provider/client.go:69.16,71.3 1 0
github.com/sophotechlabs/terraform-provider-shopify/internal/provider/client.go:73.2,73.38 1 1
github.com/sophotechlabs/terraform-provider-shopify/internal/provider/client.go:73.38,75.3 1 1
github.com/sophotechlabs/terraform-provider-shopify/internal/provider/client.go:77.2,78.60 2 1
github.com/sophotechlabs/terraform-provider-shopify/internal/provider/client.go:78.60,80.3 1 1
github.com/sophotechlabs/terraform-provider-shopify/internal/provider/client.go:82.2,82.29 1 1
github.com/sophotechlabs/terraform-provider-shopify/internal/provider/client.go:82.29,84.3 1 1
github.com/sophotechlabs/terraform-provider-shopify/internal/provider/client.go:86.2,86.22 1 1
github.com/sophotechlabs/terraform-provider-shopify/internal/provider/product_resource.go:99.45,101.2 1 1
github.com/sophotechlabs/terraform-provider-shopify/internal/provider/product_resource.go:103.118,105.2 1 1
github.com/sophotechlabs/terraform-provider-shopify/internal/provider/product_resource.go:107.110,180.2 1 1
github.com/sophotechlabs/terraform-provider-shopify/internal/provider/product_resource.go:182.121,183.29 1 1
github.com/sophotechlabs/terraform-provider-shopify/internal/provider/product_resource.go:183.29,185.3 1 1
github.com/sophotechlabs/terraform-provider-shopify/internal/provider/product_resource.go:186.2,187.9 2 1
github.com/sophotechlabs/terraform-provider-shopify/internal/provider/product_resource.go:187.9,193.3 2 1
github.com/sophotechlabs/terraform-provider-shopify/internal/provider/product_resource.go:194.2,194.19 1 1
github.com/sophotechlabs/terraform-provider-shopify/internal/provider/product_resource.go:197.114,200.33 3 1
github.com/sophotechlabs/terraform-provider-shopify/internal/provider/product_resource.go:200.33,202.3 1 0
github.com/sophotechlabs/terraform-provider-shopify/internal/provider/product_resource.go:205.2,209.55 2 1
github.com/sophotechlabs/terraform-provider-shopify/internal/provider/product_resource.go:209.55,211.3 1 1
github.com/sophotechlabs/terraform-provider-shopify/internal/provider/product_resource.go:212.2,212.55 1 1
github.com/sophotechlabs/terraform-provider-shopify/internal/provider/product_resource.go:212.55,214.3 1 1
github.com/sophotechlabs/terraform-provider-shopify/internal/provider/product_resource.go:215.2,215.65 1 1
github.com/sophotechlabs/terraform-provider-shopify/internal/provider/product_resource.go:215.65,217.3 1 1
github.com/sophotechlabs/terraform-provider-shopify/internal/provider/product_resource.go:218.2,218.73 1 1
github.com/sophotechlabs/terraform-provider-shopify/internal/provider/product_resource.go:218.73,220.3 1 1
github.com/sophotechlabs/terraform-provider-shopify/internal/provider/product_resource.go:221.2,221.51 1 1
github.com/sophotechlabs/terraform-provider-shopify/internal/provider/product_resource.go:221.51,224.34 3 1
github.com/sophotechlabs/terraform-provider-shopify/internal/provider/product_resource.go:224.34,226.4 1 0
github.com/sophotechlabs/terraform-provider-shopify/internal/provider/product_resource.go:227.3,227.23 1 1
github.com/sophotechlabs/terraform-provider-shopify/internal/provider/product_resource.go:231.2,232.16 2 1
github.com/sophotechlabs/terraform-provider-shopify/internal/provider/product_resource.go:232.16,235.3 2 0
github.com/sophotechlabs/terraform-provider-shopify/internal/provider/product_resource.go:237.2,238.59 2 1
github.com/sophotechlabs/terraform-provider-shopify/internal/provider/product_resource.go:238.59,241.3 2 0
github.com/sophotechlabs/terraform-provider-shopify/internal/provider/product_resource.go:242.2,242.44 1 1
github.com/sophotechlabs/terraform-provider-shopify/internal/provider/product_resource.go:242.44,245.3 2 0
github.com/sophotechlabs/terraform-provider-shopify/internal/provider/product_resource.go:246.2,246.39 1 1
github.com/sophotechlabs/terraform-provider-shopify/internal/provider/product_resource.go:246.39,249.3 2 0
github.com/sophotechlabs/terraform-provider-shopify/internal/provider/product_resource.go:251.2,260.37 8 1
github.com/sophotechlabs/terraform-provider-shopify/internal/provider/product_resource.go:260.37,265.29 3 1
github.com/sophotechlabs/terraform-provider-shopify/internal/provider/product_resource.go:265.29,267.35 2 1
github.com/sophotechlabs/terraform-provider-shopify/internal/provider/product_resource.go:267.35,269.5 1 0
github.com/sophotechlabs/terraform-provider-shopify/internal/provider/product_resource.go:270.9,275.4 4 1
github.com/sophotechlabs/terraform-provider-shopify/internal/provider/product_resource.go:278.2,278.56 1 1
github.com/sophotechlabs/terraform-provider-shopify/internal/provider/product_resource.go:281.108,284.33 3 1
github.com/sophotechlabs/terraform-provider-shopify/internal/provider/product_resource.go:284.33,286.3 1 0
github.com/sophotechlabs/terraform-provider-shopify/internal/provider/product_resource.go:288.2,289.16 2 1
github.com/sophotechlabs/terraform-provider-shopify/internal/provider/product_resource.go:289.16,292.3 2 0
github.com/sophotechlabs/terraform-provider-shopify/internal/provider/product_resource.go:294.2,295.59 2 1
github.com/sophotechlabs/terraform-provider-shopify/internal/provider/product_resource.go:295.59,298.3 2 0
github.com/sophotechlabs/terraform-provider-shopify/internal/provider/product_resource.go:301.2,301.25 1 1
github.com/sophotechlabs/terraform-provider-shopify/internal/provider/product_resource.go:301.25,304.3 2 0
github.com/sophotechlabs/terraform-provider-shopify/internal/provider/product_resource.go:306.2,315.27 9 1
github.com/sophotechlabs/terraform-provider-shopify/internal/provider/product_resource.go:315.27,319.3 3 1
github.com/sophotechlabs/terraform-provider-shopify/internal/provider/product_resource.go:319.8,319.33 1 1
github.com/sophotechlabs/terraform-provider-shopify/internal/provider/product_resource.go:319.33,324.3 3 0
github.com/sophotechlabs/terraform-provider-shopify/internal/provider/product_resource.go:326.2,326.37 1 1
github.com/sophotechlabs/terraform-provider-shopify/internal/provider/product_resource.go:326.37,333.3 6 1
github.com/sophotechlabs/terraform-provider-shopify/internal/provider/product_resource.go:335.2,335.57 1 1
github.com/sophotechlabs/terraform-provider-shopify/internal/provider/product_resource.go:338.114,341.33 3 1
github.com/sophotechlabs/terraform-provider-shopify/internal/provider/product_resource.go:341.33,343.3 1 0
github.com/sophotechlabs/terraform-provider-shopify/internal/provider/product_resource.go:345.2,347.33 3 1
github.com/sophotechlabs/terraform-provider-shopify/internal/provider/product_resource.go:347.33,349.3 1 0
github.com/sophotechlabs/terraform-provider-shopify/internal/provider/product_resource.go:352.2,357.55 2 1
github.com/sophotechlabs/terraform-provider-shopify/internal/provider/product_resource.go:357.55,359.3 1 0
github.com/sophotechlabs/terraform-provider-shopify/internal/provider/product_resource.go:360.2,360.55 1 1
github.com/sophotechlabs/terraform-provider-shopify/internal/provider/product_resource.go:360.55,362.3 1 0
github.com/sophotechlabs/terraform-provider-shopify/internal/provider/product_resource.go:363.2,363.65 1 1
github.com/sophotechlabs/terraform-provider-shopify/internal/provider/product_resource.go:363.65,365.3 1 0
github.com/sophotechlabs/terraform-provider-shopify/internal/provider/product_resource.go:366.2,366.73 1 1
github.com/sophotechlabs/terraform-provider-shopify/internal/provider/product_resource.go:366.73,368.3 1 0
github.com/sophotechlabs/terraform-provider-shopify/internal/provider/product_resource.go:369.2,369.51 1 1
github.com/sophotechlabs/terraform-provider-shopify/internal/provider/product_resource.go:369.51,372.34 3 0
github.com/sophotechlabs/terraform-provider-shopify/internal/provider/product_resource.go:372.34,374.4 1 0
github.com/sophotechlabs/terraform-provider-shopify/internal/provider/product_resource.go:375.3,375.23 1 0
github.com/sophotechlabs/terraform-provider-shopify/internal/provider/product_resource.go:378.2,379.16 2 1
github.com/sophotechlabs/terraform-provider-shopify/internal/provider/product_resource.go:379.16,382.3 2 0
github.com/sophotechlabs/terraform-provider-shopify/internal/provider/product_resource.go:384.2,385.59 2 1
github.com/sophotechlabs/terraform-provider-shopify/internal/provider/product_resource.go:385.59,388.3 2 0
github.com/sophotechlabs/terraform-provider-shopify/internal/provider/product_resource.go:389.2,389.44 1 1
github.com/sophotechlabs/terraform-provider-shopify/internal/provider/product_resource.go:389.44,392.3 2 0
github.com/sophotechlabs/terraform-provider-shopify/internal/provider/product_resource.go:394.2,404.28 9 1
github.com/sophotechlabs/terraform-provider-shopify/internal/provider/product_resource.go:404.28,406.34 2 0
github.com/sophotechlabs/terraform-provider-shopify/internal/provider/product_resource.go:406.34,408.4 1 0
github.com/sophotechlabs/terraform-provider-shopify/internal/provider/product_resource.go:409.8,414.3 4 1
github.com/sophotechlabs/terraform-provider-shopify/internal/provider/product_resource.go:416.2,416.56 1 1
github.com/sophotechlabs/terraform-provider-shopify/internal/provider/product_resource.go:419.114,422.33 3 1
github.com/sophotechlabs/terraform-provider-shopify/internal/provider/product_resource.go:422.33,424.3 1 0
github.com/sophotechlabs/terraform-provider-shopify/internal/provider/product_resource.go:426.2,433.16 3 1
github.com/sophotechlabs/terraform-provider-shopify/internal/provider/product_resource.go:433.16,436.3 2 0
github.com/sophotechlabs/terraform-provider-shopify/internal/provider/product_resource.go:438.2,439.59 2 1
github.com/sophotechlabs/terraform-provider-shopify/internal/provider/product_resource.go:439.59,442.3 2 0
github.com/sophotechlabs/terraform-provider-shopify/internal/provider/product_resource.go:443.2,443.44 1 1
github.com/sophotechlabs/terraform-provider-shopify/internal/provider/product_resource.go:443.44,446.3 2 0
github.com/sophotechlabs/terraform-provider-shopify/internal/provider/product_resource.go:450.129,453.53 2 1
github.com/sophotechlabs/terraform-provider-shopify/internal/provider/product_resource.go:453.53,455.3 1 1
github.com/sophotechlabs/terraform-provider-shopify/internal/provider/product_resource.go:456.2,456.71 1 1
github.com/sophotechlabs/terraform-provider-shopify/internal/provider/product_resource.go:456.71,458.3 1 1
github.com/sophotechlabs/terraform-provider-shopify/internal/provider/product_resource.go:459.2,459.49 1 1
github.com/sophotechlabs/terraform-provider-shopify/internal/provider/product_resource.go:459.49,461.3 1 1
github.com/sophotechlabs/terraform-provider-shopify/internal/provider/product_resource.go:462.2,462.57 1 1
github.com/sophotechlabs/terraform-provider-shopify/internal/provider/product_resource.go:462.57,464.3 1 1
github.com/sophotechlabs/terraform-provider-shopify/internal/provider/product_resource.go:466.2,472.16 3 1
github.com/sophotechlabs/terraform-provider-shopify/internal/provider/product_resource.go:472.16,475.3 2 0
github.com/sophotechlabs/terraform-provider-shopify/internal/provider/product_resource.go:477.2,478.59 2 1
github.com/sophotechlabs/terraform-provider-shopify/internal/provider/product_resource.go:478.59,481.3 2 0
github.com/sophotechlabs/terraform-provider-shopify/internal/provider/product_resource.go:482.2,482.56 1 1
github.com/sophotechlabs/terraform-provider-shopify/internal/provider/product_resource.go:482.56,485.3 2 0
github.com/sophotechlabs/terraform-provider-shopify/internal/provider/product_resource.go:487.2,487.61 1 1
github.com/sophotechlabs/terraform-provider-shopify/internal/provider/product_resource.go:487.61,493.3 5 1
github.com/sophotechlabs/terraform-provider-shopify/internal/provider/product_resource.go:497.55,502.2 1 1
github.com/sophotechlabs/terraform-provider-shopify/internal/provider/product_resource.go:505.45,506.14 1 1
github.com/sophotechlabs/terraform-provider-shopify/internal/provider/product_resource.go:506.14,508.3 1 1
github.com/sophotechlabs/terraform-provider-shopify/internal/provider/product_resource.go:509.2,509.30 1 1
github.com/sophotechlabs/terraform-provider-shopify/internal/provider/product_resource.go:513.50,515.27 2 1
github.com/sophotechlabs/terraform-provider-shopify/internal/provider/product_resource.go:515.27,516.12 1 1
github.com/sophotechlabs/terraform-provider-shopify/internal/provider/product_resource.go:516.12,518.4 1 1
github.com/sophotechlabs/terraform-provider-shopify/internal/provider/product_resource.go:519.3,519.19 1 1
github.com/sophotechlabs/terraform-provider-shopify/internal/provider/product_resource.go:521.2,521.12 1 1
github.com/sophotechlabs/terraform-provider-shopify/internal/provider/provider.go:27.51,28.34 1 1
github.com/sophotechlabs/terraform-provider-shopify/internal/provider/provider.go:28.34,30.3 1 1
github.com/sophotechlabs/terraform-provider-shopify/internal/provider/provider.go:33.116,36.2 2 1
github.com/sophotechlabs/terraform-provider-shopify/internal/provider/provider.go:38.110,57.2 1 1
github.com/sophotechlabs/terraform-provider-shopify/internal/provider/provider.go:59.123,62.33 3 1
github.com/sophotechlabs/terraform-provider-shopify/internal/provider/provider.go:62.33,64.3 1 0
github.com/sophotechlabs/terraform-provider-shopify/internal/provider/provider.go:66.2,67.31 2 1
github.com/sophotechlabs/terraform-provider-shopify/internal/provider/provider.go:67.31,69.3 1 1
github.com/sophotechlabs/terraform-provider-shopify/internal/provider/provider.go:71.2,72.34 2 1
github.com/sophotechlabs/terraform-provider-shopify/internal/provider/provider.go:72.34,74.3 1 1
github.com/sophotechlabs/terraform-provider-shopify/internal/provider/provider.go:76.2,77.33 2 1
github.com/sophotechlabs/terraform-provider-shopify/internal/provider/provider.go:77.33,79.3 1 1
github.com/sophotechlabs/terraform-provider-shopify/internal/provider/provider.go:81.2,81.20 1 1
github.com/sophotechlabs/terraform-provider-shopify/internal/provider/provider.go:81.20,87.3 2 0
github.com/sophotechlabs/terraform-provider-shopify/internal/provider/provider.go:88.2,88.23 1 1
github.com/sophotechlabs/terraform-provider-shopify/internal/provider/provider.go:88.23,94.3 2 0
github.com/sophotechlabs/terraform-provider-shopify/internal/provider/provider.go:96.2,97.26 2 1
github.com/sophotechlabs/terraform-provider-shopify/internal/provider/provider.go:97.26,99.3 1 1
github.com/sophotechlabs/terraform-provider-shopify/internal/provider/provider.go:100.2,101.28 2 1
github.com/sophotechlabs/terraform-provider-shopify/internal/provider/provider.go:104.83,108.2 1 1
github.com/sophotechlabs/terraform-provider-shopify/internal/provider/provider.go:110.89,112.2 1 1
